<?xml version="1.0" encoding="UTF-8"?>
<!-- Generated by org.testng.reporters.JUnitXMLReporter -->
<testsuite hostname="LAPTOP-6D3MSQ65" ignored="0" name="Default test" tests="4" failures="0" timestamp="2021-12-06T12:36:02 CET" time="73.553" errors="0">
  <testcase name="CreateGalery" time="25.841" classname="tests.GalleryAppTest"/>
  <testcase name="FindGalleryTest" time="12.573" classname="tests.GalleryAppTest"/>
  <testcase name="LoginTest" time="10.836" classname="tests.GalleryAppTest"/>
  <testcase name="Logut" time="9.931" classname="tests.GalleryAppTest"/>
</testsuite> <!-- Default test -->
